<?xml version="1.0" encoding="UTF-8"?>
<testsuite xmlns:xsi="http://www.w3.org/2001/XMLSchema-instance" xsi:noNamespaceSchemaLocation="https://maven.apache.org/surefire/maven-surefire-plugin/xsd/surefire-test-report.xsd" name="exemplo.NewEmptyJUnitTest" time="0.068" tests="8" errors="0" skipped="0" failures="0">
  <properties>
[...]
</properties>
  <testcase name="DividirDoisNumerosNegativos" classname="exemplo.NewEmptyJUnitTest" time="0.037"/>
  <testcase name="SomarDoisNumerosPositivos" classname="exemplo.NewEmptyJUnitTest" time="0"/>
  <testcase name="SomarDoisNumerosNegativos" classname="exemplo.NewEmptyJUnitTest" time="0.001"/>
  <testcase name="MultiplicarDoisNumerosPositivos" classname="exemplo.NewEmptyJUnitTest" time="0.002"/>
  <testcase name="SubtrairDoisNumerosPositivos" classname="exemplo.NewEmptyJUnitTest" time="0.001"/>
  <testcase name="DividirDoisNumerosPositivos" classname="exemplo.NewEmptyJUnitTest" time="0.001"/>
  <testcase name="MultiplicarDoisNumerosNegativos" classname="exemplo.NewEmptyJUnitTest" time="0.001"/>
  <testcase name="SubtrairDoisNumerosNegativos" classname="exemplo.NewEmptyJUnitTest" time="0.001"/>
</testsuite>